<?xml version="1.0" encoding="UTF-8"?>
<!-- Generated by org.testng.reporters.JUnitReportReporter -->
<testsuite hostname="Anshumans-MacBook-Pro.local" failures="0" tests="3" name="com.qa.hubspot.tests.ContactsPageTest" time="65.260" errors="0" timestamp="2020-03-18T19:12:11 EDT" skipped="0">
  <testcase classname="com.qa.hubspot.tests.ContactsPageTest" name="verifyContactsPageTitle" time="15.371"/>
  <testcase classname="com.qa.hubspot.tests.ContactsPageTest" name="createContactsTest" time="24.646"/>
  <testcase classname="com.qa.hubspot.tests.ContactsPageTest" name="createContactsTest" time="25.243"/>
</testsuite> <!-- com.qa.hubspot.tests.ContactsPageTest -->
