<?xml version="1.0" encoding="UTF-8"?>
<!-- Generated by org.testng.reporters.JUnitReportReporter -->
<testsuite hostname="Anshumans-MacBook-Pro.local" failures="0" tests="3" name="com.qa.hubspot.tests.ContactsPageTest" time="103.734" errors="0" timestamp="2020-03-18T19:37:46 EDT" skipped="0">
  <testcase classname="com.qa.hubspot.tests.ContactsPageTest" name="verifyContactsPageTitle" time="18.592"/>
  <testcase classname="com.qa.hubspot.tests.ContactsPageTest" name="createContactsTest" time="57.977"/>
  <testcase classname="com.qa.hubspot.tests.ContactsPageTest" name="createContactsTest" time="27.165"/>
</testsuite> <!-- com.qa.hubspot.tests.ContactsPageTest -->
