<?xml version="1.0" encoding="UTF-8"?>
<!-- Generated by org.testng.reporters.JUnitReportReporter -->
<testsuite hostname="Anshumans-MacBook-Pro.local" failures="0" tests="3" name="com.qa.hubspot.tests.ContactsPageTest" time="65.400" errors="0" timestamp="2020-03-14T22:36:12 EDT" skipped="0">
  <testcase classname="com.qa.hubspot.tests.ContactsPageTest" name="verifyContactsPageTitle" time="15.270"/>
  <testcase classname="com.qa.hubspot.tests.ContactsPageTest" name="createContactsTest" time="24.425"/>
  <testcase classname="com.qa.hubspot.tests.ContactsPageTest" name="createContactsTest" time="25.705"/>
</testsuite> <!-- com.qa.hubspot.tests.ContactsPageTest -->
